2024-03-03T22:24:48.868+08:00  INFO 16432 --- [restartedMain] org.cs304.backend.BackendApplication     : Starting BackendApplication using Java 17.0.4.1 with PID 16432 (D:\Projects\SE\Project\backend\target\classes started by lenovo in D:\Projects\SE\Project)
2024-03-03T22:24:48.870+08:00  INFO 16432 --- [restartedMain] org.cs304.backend.BackendApplication     : No active profile set, falling back to 1 default profile: "default"
2024-03-03T22:24:48.904+08:00  INFO 16432 --- [restartedMain] .e.DevToolsPropertyDefaultsPostProcessor : Devtools property defaults active! Set 'spring.devtools.add-properties' to 'false' to disable
2024-03-03T22:24:48.904+08:00  INFO 16432 --- [restartedMain] .e.DevToolsPropertyDefaultsPostProcessor : For additional web related logging consider setting the 'logging.level.web' property to 'DEBUG'
2024-03-03T22:24:49.666+08:00  INFO 16432 --- [restartedMain] .s.d.r.c.RepositoryConfigurationDelegate : Multiple Spring Data modules found, entering strict repository configuration mode
2024-03-03T22:24:49.668+08:00  INFO 16432 --- [restartedMain] .s.d.r.c.RepositoryConfigurationDelegate : Bootstrapping Spring Data Redis repositories in DEFAULT mode.
2024-03-03T22:24:49.683+08:00  INFO 16432 --- [restartedMain] .s.d.r.c.RepositoryConfigurationDelegate : Finished Spring Data repository scanning in 4 ms. Found 0 Redis repository interfaces.
2024-03-03T22:24:49.756+08:00  WARN 16432 --- [restartedMain] o.m.s.mapper.ClassPathMapperScanner      : No MyBatis mapper was found in '[org.cs304.backend]' package. Please check your configuration.
2024-03-03T22:24:50.206+08:00  INFO 16432 --- [restartedMain] o.s.b.w.embedded.tomcat.TomcatWebServer  : Tomcat initialized with port 25568 (http)
2024-03-03T22:24:50.214+08:00  INFO 16432 --- [restartedMain] o.apache.catalina.core.StandardService   : Starting service [Tomcat]
2024-03-03T22:24:50.215+08:00  INFO 16432 --- [restartedMain] o.apache.catalina.core.StandardEngine    : Starting Servlet engine: [Apache Tomcat/10.1.19]
2024-03-03T22:24:50.264+08:00  INFO 16432 --- [restartedMain] o.a.c.c.C.[Tomcat].[localhost].[/]       : Initializing Spring embedded WebApplicationContext
2024-03-03T22:24:50.265+08:00  INFO 16432 --- [restartedMain] w.s.c.ServletWebServerApplicationContext : Root WebApplicationContext: initialization completed in 1360 ms
2024-03-03T22:24:51.196+08:00  INFO 16432 --- [restartedMain] o.s.b.d.a.OptionalLiveReloadServer       : LiveReload server is running on port 35729
2024-03-03T22:24:51.199+08:00  INFO 16432 --- [restartedMain] o.s.b.a.e.web.EndpointLinksResolver      : Exposing 1 endpoint(s) beneath base path '/actuator'
2024-03-03T22:24:51.255+08:00  INFO 16432 --- [restartedMain] o.s.b.w.embedded.tomcat.TomcatWebServer  : Tomcat started on port 25568 (http) with context path ''
2024-03-03T22:24:51.269+08:00  INFO 16432 --- [restartedMain] org.cs304.backend.BackendApplication     : Started BackendApplication in 2.72 seconds (process running for 3.328)
2024-03-03T22:24:51.276+08:00  INFO 16432 --- [restartedMain] org.cs304.backend.component.ServerInfo   : Server is running at http://localhost:25568
2024-03-03T22:24:51.277+08:00  INFO 16432 --- [restartedMain] org.cs304.backend.component.ServerInfo   : Swagger is running at http://localhost:25568/swagger-ui/index.html
2024-03-03T22:24:51.703+08:00  INFO 16432 --- [RMI TCP Connection(4)-10.32.57.193] o.a.c.c.C.[Tomcat].[localhost].[/]       : Initializing Spring DispatcherServlet 'dispatcherServlet'
2024-03-03T22:24:51.703+08:00  INFO 16432 --- [RMI TCP Connection(4)-10.32.57.193] o.s.web.servlet.DispatcherServlet        : Initializing Servlet 'dispatcherServlet'
2024-03-03T22:24:51.704+08:00  INFO 16432 --- [RMI TCP Connection(4)-10.32.57.193] o.s.web.servlet.DispatcherServlet        : Completed initialization in 1 ms
2024-03-03T22:24:51.704+08:00  INFO 16432 --- [RMI TCP Connection(3)-10.32.57.193] com.zaxxer.hikari.HikariDataSource       : HikariPool-1 - Starting...
2024-03-03T22:24:52.196+08:00  INFO 16432 --- [RMI TCP Connection(3)-10.32.57.193] com.zaxxer.hikari.pool.HikariPool        : HikariPool-1 - Added connection com.mysql.cj.jdbc.ConnectionImpl@371c1b1b
2024-03-03T22:24:52.202+08:00  INFO 16432 --- [RMI TCP Connection(3)-10.32.57.193] com.zaxxer.hikari.HikariDataSource       : HikariPool-1 - Start completed.
2024-03-03T22:24:52.313+08:00  WARN 16432 --- [RMI TCP Connection(3)-10.32.57.193] o.s.b.actuate.mail.MailHealthIndicator   : Mail health check failed

jakarta.mail.AuthenticationFailedException: failed to connect, no password specified?
	at jakarta.mail.Service.connect(Service.java:379) ~[jakarta.mail-2.0.2.jar:na]
	at org.springframework.mail.javamail.JavaMailSenderImpl.connectTransport(JavaMailSenderImpl.java:480) ~[spring-context-support-6.1.4.jar:6.1.4]
	at org.springframework.mail.javamail.JavaMailSenderImpl.testConnection(JavaMailSenderImpl.java:360) ~[spring-context-support-6.1.4.jar:6.1.4]
	at org.springframework.boot.actuate.mail.MailHealthIndicator.doHealthCheck(MailHealthIndicator.java:52) ~[spring-boot-actuator-3.2.3.jar:3.2.3]
	at org.springframework.boot.actuate.health.AbstractHealthIndicator.health(AbstractHealthIndicator.java:82) ~[spring-boot-actuator-3.2.3.jar:3.2.3]
	at org.springframework.boot.actuate.health.HealthIndicator.getHealth(HealthIndicator.java:37) ~[spring-boot-actuator-3.2.3.jar:3.2.3]
	at org.springframework.boot.actuate.health.HealthEndpoint.getHealth(HealthEndpoint.java:82) ~[spring-boot-actuator-3.2.3.jar:3.2.3]
	at org.springframework.boot.actuate.health.HealthEndpoint.getHealth(HealthEndpoint.java:41) ~[spring-boot-actuator-3.2.3.jar:3.2.3]
	at org.springframework.boot.actuate.health.HealthEndpointSupport.getLoggedHealth(HealthEndpointSupport.java:172) ~[spring-boot-actuator-3.2.3.jar:3.2.3]
	at org.springframework.boot.actuate.health.HealthEndpointSupport.getContribution(HealthEndpointSupport.java:145) ~[spring-boot-actuator-3.2.3.jar:3.2.3]
	at org.springframework.boot.actuate.health.HealthEndpointSupport.getAggregateContribution(HealthEndpointSupport.java:156) ~[spring-boot-actuator-3.2.3.jar:3.2.3]
	at org.springframework.boot.actuate.health.HealthEndpointSupport.getContribution(HealthEndpointSupport.java:141) ~[spring-boot-actuator-3.2.3.jar:3.2.3]
	at org.springframework.boot.actuate.health.HealthEndpointSupport.getHealth(HealthEndpointSupport.java:110) ~[spring-boot-actuator-3.2.3.jar:3.2.3]
	at org.springframework.boot.actuate.health.HealthEndpointSupport.getHealth(HealthEndpointSupport.java:81) ~[spring-boot-actuator-3.2.3.jar:3.2.3]
	at org.springframework.boot.actuate.health.HealthEndpoint.health(HealthEndpoint.java:76) ~[spring-boot-actuator-3.2.3.jar:3.2.3]
	at org.springframework.boot.actuate.health.HealthEndpoint.health(HealthEndpoint.java:66) ~[spring-boot-actuator-3.2.3.jar:3.2.3]
	at java.base/jdk.internal.reflect.NativeMethodAccessorImpl.invoke0(Native Method) ~[na:na]
	at java.base/jdk.internal.reflect.NativeMethodAccessorImpl.invoke(NativeMethodAccessorImpl.java:77) ~[na:na]
	at java.base/jdk.internal.reflect.DelegatingMethodAccessorImpl.invoke(DelegatingMethodAccessorImpl.java:43) ~[na:na]
	at java.base/java.lang.reflect.Method.invoke(Method.java:568) ~[na:na]
	at org.springframework.util.ReflectionUtils.invokeMethod(ReflectionUtils.java:281) ~[spring-core-6.1.4.jar:6.1.4]
	at org.springframework.boot.actuate.endpoint.invoke.reflect.ReflectiveOperationInvoker.invoke(ReflectiveOperationInvoker.java:74) ~[spring-boot-actuator-3.2.3.jar:3.2.3]
	at org.springframework.boot.actuate.endpoint.annotation.AbstractDiscoveredOperation.invoke(AbstractDiscoveredOperation.java:60) ~[spring-boot-actuator-3.2.3.jar:3.2.3]
	at org.springframework.boot.actuate.endpoint.jmx.EndpointMBean.invoke(EndpointMBean.java:124) ~[spring-boot-actuator-3.2.3.jar:3.2.3]
	at org.springframework.boot.actuate.endpoint.jmx.EndpointMBean.invoke(EndpointMBean.java:97) ~[spring-boot-actuator-3.2.3.jar:3.2.3]
	at java.management/com.sun.jmx.interceptor.DefaultMBeanServerInterceptor.invoke(DefaultMBeanServerInterceptor.java:814) ~[na:na]
	at java.management/com.sun.jmx.mbeanserver.JmxMBeanServer.invoke(JmxMBeanServer.java:802) ~[na:na]
	at java.management.rmi/javax.management.remote.rmi.RMIConnectionImpl.doOperation(RMIConnectionImpl.java:1472) ~[na:na]
	at java.management.rmi/javax.management.remote.rmi.RMIConnectionImpl$PrivilegedOperation.run(RMIConnectionImpl.java:1310) ~[na:na]
	at java.management.rmi/javax.management.remote.rmi.RMIConnectionImpl.doPrivilegedOperation(RMIConnectionImpl.java:1405) ~[na:na]
	at java.management.rmi/javax.management.remote.rmi.RMIConnectionImpl.invoke(RMIConnectionImpl.java:829) ~[na:na]
	at java.base/jdk.internal.reflect.GeneratedMethodAccessor16.invoke(Unknown Source) ~[na:na]
	at java.base/jdk.internal.reflect.DelegatingMethodAccessorImpl.invoke(DelegatingMethodAccessorImpl.java:43) ~[na:na]
	at java.base/java.lang.reflect.Method.invoke(Method.java:568) ~[na:na]
	at java.rmi/sun.rmi.server.UnicastServerRef.dispatch(UnicastServerRef.java:360) ~[na:na]
	at java.rmi/sun.rmi.transport.Transport$1.run(Transport.java:200) ~[na:na]
	at java.rmi/sun.rmi.transport.Transport$1.run(Transport.java:197) ~[na:na]
	at java.base/java.security.AccessController.doPrivileged(AccessController.java:712) ~[na:na]
	at java.rmi/sun.rmi.transport.Transport.serviceCall(Transport.java:196) ~[na:na]
	at java.rmi/sun.rmi.transport.tcp.TCPTransport.handleMessages(TCPTransport.java:587) ~[na:na]
	at java.rmi/sun.rmi.transport.tcp.TCPTransport$ConnectionHandler.run0(TCPTransport.java:828) ~[na:na]
	at java.rmi/sun.rmi.transport.tcp.TCPTransport$ConnectionHandler.lambda$run$0(TCPTransport.java:705) ~[na:na]
	at java.base/java.security.AccessController.doPrivileged(AccessController.java:399) ~[na:na]
	at java.rmi/sun.rmi.transport.tcp.TCPTransport$ConnectionHandler.run(TCPTransport.java:704) ~[na:na]
	at java.base/java.util.concurrent.ThreadPoolExecutor.runWorker(ThreadPoolExecutor.java:1136) ~[na:na]
	at java.base/java.util.concurrent.ThreadPoolExecutor$Worker.run(ThreadPoolExecutor.java:635) ~[na:na]
	at java.base/java.lang.Thread.run(Thread.java:833) ~[na:na]

2024-03-03T22:25:07.030+08:00  INFO 16432 --- [SpringApplicationShutdownHook] com.zaxxer.hikari.HikariDataSource       : HikariPool-1 - Shutdown initiated...
2024-03-03T22:25:07.219+08:00  INFO 16432 --- [SpringApplicationShutdownHook] com.zaxxer.hikari.HikariDataSource       : HikariPool-1 - Shutdown completed.
2024-03-03T22:25:30.944+08:00  INFO 17004 --- [restartedMain] org.cs304.backend.BackendApplication     : Starting BackendApplication using Java 17.0.4.1 with PID 17004 (D:\Projects\SE\Project\backend\target\classes started by lenovo in D:\Projects\SE\Project)
2024-03-03T22:25:30.946+08:00  INFO 17004 --- [restartedMain] org.cs304.backend.BackendApplication     : No active profile set, falling back to 1 default profile: "default"
2024-03-03T22:25:30.977+08:00  INFO 17004 --- [restartedMain] .e.DevToolsPropertyDefaultsPostProcessor : Devtools property defaults active! Set 'spring.devtools.add-properties' to 'false' to disable
2024-03-03T22:25:30.977+08:00  INFO 17004 --- [restartedMain] .e.DevToolsPropertyDefaultsPostProcessor : For additional web related logging consider setting the 'logging.level.web' property to 'DEBUG'
2024-03-03T22:25:31.769+08:00  INFO 17004 --- [restartedMain] .s.d.r.c.RepositoryConfigurationDelegate : Multiple Spring Data modules found, entering strict repository configuration mode
2024-03-03T22:25:31.771+08:00  INFO 17004 --- [restartedMain] .s.d.r.c.RepositoryConfigurationDelegate : Bootstrapping Spring Data Redis repositories in DEFAULT mode.
2024-03-03T22:25:31.782+08:00  INFO 17004 --- [restartedMain] .s.d.r.c.RepositoryConfigurationDelegate : Finished Spring Data repository scanning in 3 ms. Found 0 Redis repository interfaces.
2024-03-03T22:25:31.843+08:00  WARN 17004 --- [restartedMain] o.m.s.mapper.ClassPathMapperScanner      : No MyBatis mapper was found in '[org.cs304.backend]' package. Please check your configuration.
2024-03-03T22:25:32.186+08:00  INFO 17004 --- [restartedMain] o.s.b.w.embedded.tomcat.TomcatWebServer  : Tomcat initialized with port 25568 (http)
2024-03-03T22:25:32.193+08:00  INFO 17004 --- [restartedMain] o.apache.catalina.core.StandardService   : Starting service [Tomcat]
2024-03-03T22:25:32.193+08:00  INFO 17004 --- [restartedMain] o.apache.catalina.core.StandardEngine    : Starting Servlet engine: [Apache Tomcat/10.1.19]
2024-03-03T22:25:32.238+08:00  INFO 17004 --- [restartedMain] o.a.c.c.C.[Tomcat].[localhost].[/]       : Initializing Spring embedded WebApplicationContext
2024-03-03T22:25:32.238+08:00  INFO 17004 --- [restartedMain] w.s.c.ServletWebServerApplicationContext : Root WebApplicationContext: initialization completed in 1261 ms
2024-03-03T22:25:33.019+08:00  INFO 17004 --- [restartedMain] o.s.b.d.a.OptionalLiveReloadServer       : LiveReload server is running on port 35729
2024-03-03T22:25:33.024+08:00  INFO 17004 --- [restartedMain] o.s.b.a.e.web.EndpointLinksResolver      : Exposing 1 endpoint(s) beneath base path '/actuator'
2024-03-03T22:25:33.077+08:00  INFO 17004 --- [restartedMain] o.s.b.w.embedded.tomcat.TomcatWebServer  : Tomcat started on port 25568 (http) with context path ''
2024-03-03T22:25:33.089+08:00  INFO 17004 --- [restartedMain] org.cs304.backend.BackendApplication     : Started BackendApplication in 2.444 seconds (process running for 2.975)
2024-03-03T22:25:33.095+08:00  INFO 17004 --- [restartedMain] org.cs304.backend.component.ServerInfo   : Server is running at http://localhost:25568
2024-03-03T22:25:33.095+08:00  INFO 17004 --- [restartedMain] org.cs304.backend.component.ServerInfo   : Swagger is running at http://localhost:25568/swagger-ui/index.html
2024-03-03T22:25:33.367+08:00  INFO 17004 --- [RMI TCP Connection(3)-10.32.57.193] o.a.c.c.C.[Tomcat].[localhost].[/]       : Initializing Spring DispatcherServlet 'dispatcherServlet'
2024-03-03T22:25:33.368+08:00  INFO 17004 --- [RMI TCP Connection(3)-10.32.57.193] o.s.web.servlet.DispatcherServlet        : Initializing Servlet 'dispatcherServlet'
2024-03-03T22:25:33.369+08:00  INFO 17004 --- [RMI TCP Connection(3)-10.32.57.193] o.s.web.servlet.DispatcherServlet        : Completed initialization in 1 ms
2024-03-03T22:25:33.369+08:00  INFO 17004 --- [RMI TCP Connection(2)-10.32.57.193] com.zaxxer.hikari.HikariDataSource       : HikariPool-1 - Starting...
2024-03-03T22:25:33.684+08:00  INFO 17004 --- [RMI TCP Connection(2)-10.32.57.193] com.zaxxer.hikari.pool.HikariPool        : HikariPool-1 - Added connection com.mysql.cj.jdbc.ConnectionImpl@7c57e391
2024-03-03T22:25:33.693+08:00  INFO 17004 --- [RMI TCP Connection(2)-10.32.57.193] com.zaxxer.hikari.HikariDataSource       : HikariPool-1 - Start completed.
2024-03-03T22:25:37.279+08:00  INFO 17004 --- [SpringApplicationShutdownHook] com.zaxxer.hikari.HikariDataSource       : HikariPool-1 - Shutdown initiated...
2024-03-03T22:25:37.508+08:00  INFO 17004 --- [SpringApplicationShutdownHook] com.zaxxer.hikari.HikariDataSource       : HikariPool-1 - Shutdown completed.
2024-03-03T22:49:46.977+08:00  INFO 9168 --- [restartedMain] org.cs304.backend.BackendApplication     : Starting BackendApplication using Java 17.0.4.1 with PID 9168 (D:\Projects\SE\Project\backend\target\classes started by lenovo in D:\Projects\SE\Project)
2024-03-03T22:49:46.979+08:00  INFO 9168 --- [restartedMain] org.cs304.backend.BackendApplication     : No active profile set, falling back to 1 default profile: "default"
2024-03-03T22:49:47.007+08:00  INFO 9168 --- [restartedMain] .e.DevToolsPropertyDefaultsPostProcessor : Devtools property defaults active! Set 'spring.devtools.add-properties' to 'false' to disable
2024-03-03T22:49:47.007+08:00  INFO 9168 --- [restartedMain] .e.DevToolsPropertyDefaultsPostProcessor : For additional web related logging consider setting the 'logging.level.web' property to 'DEBUG'
2024-03-03T22:49:47.754+08:00  INFO 9168 --- [restartedMain] .s.d.r.c.RepositoryConfigurationDelegate : Multiple Spring Data modules found, entering strict repository configuration mode
2024-03-03T22:49:47.756+08:00  INFO 9168 --- [restartedMain] .s.d.r.c.RepositoryConfigurationDelegate : Bootstrapping Spring Data Redis repositories in DEFAULT mode.
2024-03-03T22:49:47.772+08:00  INFO 9168 --- [restartedMain] .s.d.r.c.RepositoryConfigurationDelegate : Finished Spring Data repository scanning in 5 ms. Found 0 Redis repository interfaces.
2024-03-03T22:49:47.863+08:00  WARN 9168 --- [restartedMain] o.m.s.mapper.ClassPathMapperScanner      : No MyBatis mapper was found in '[org.cs304.backend]' package. Please check your configuration.
2024-03-03T22:49:48.243+08:00  INFO 9168 --- [restartedMain] o.s.b.w.embedded.tomcat.TomcatWebServer  : Tomcat initialized with port 25568 (http)
2024-03-03T22:49:48.252+08:00  INFO 9168 --- [restartedMain] o.apache.catalina.core.StandardService   : Starting service [Tomcat]
2024-03-03T22:49:48.252+08:00  INFO 9168 --- [restartedMain] o.apache.catalina.core.StandardEngine    : Starting Servlet engine: [Apache Tomcat/10.1.19]
2024-03-03T22:49:48.310+08:00  INFO 9168 --- [restartedMain] o.a.c.c.C.[Tomcat].[localhost].[/]       : Initializing Spring embedded WebApplicationContext
2024-03-03T22:49:48.310+08:00  INFO 9168 --- [restartedMain] w.s.c.ServletWebServerApplicationContext : Root WebApplicationContext: initialization completed in 1303 ms
2024-03-03T22:49:49.181+08:00  INFO 9168 --- [restartedMain] o.s.b.d.a.OptionalLiveReloadServer       : LiveReload server is running on port 35729
2024-03-03T22:49:49.185+08:00  INFO 9168 --- [restartedMain] o.s.b.a.e.web.EndpointLinksResolver      : Exposing 1 endpoint(s) beneath base path '/actuator'
2024-03-03T22:49:49.235+08:00  INFO 9168 --- [restartedMain] o.s.b.w.embedded.tomcat.TomcatWebServer  : Tomcat started on port 25568 (http) with context path ''
2024-03-03T22:49:49.249+08:00  INFO 9168 --- [restartedMain] org.cs304.backend.BackendApplication     : Started BackendApplication in 2.586 seconds (process running for 3.118)
2024-03-03T22:49:49.254+08:00  INFO 9168 --- [restartedMain] org.cs304.backend.component.ServerInfo   : Server is running at http://localhost:25568
2024-03-03T22:49:49.254+08:00  INFO 9168 --- [restartedMain] org.cs304.backend.component.ServerInfo   : Swagger is running at http://localhost:25568/swagger-ui/index.html
2024-03-03T22:49:49.344+08:00  INFO 9168 --- [RMI TCP Connection(2)-10.32.57.193] o.a.c.c.C.[Tomcat].[localhost].[/]       : Initializing Spring DispatcherServlet 'dispatcherServlet'
2024-03-03T22:49:49.344+08:00  INFO 9168 --- [RMI TCP Connection(2)-10.32.57.193] o.s.web.servlet.DispatcherServlet        : Initializing Servlet 'dispatcherServlet'
2024-03-03T22:49:49.345+08:00  INFO 9168 --- [RMI TCP Connection(2)-10.32.57.193] o.s.web.servlet.DispatcherServlet        : Completed initialization in 1 ms
2024-03-03T22:49:49.345+08:00  INFO 9168 --- [RMI TCP Connection(1)-10.32.57.193] com.zaxxer.hikari.HikariDataSource       : HikariPool-1 - Starting...
2024-03-03T22:49:49.761+08:00  INFO 9168 --- [RMI TCP Connection(1)-10.32.57.193] com.zaxxer.hikari.pool.HikariPool        : HikariPool-1 - Added connection com.mysql.cj.jdbc.ConnectionImpl@76092438
2024-03-03T22:49:49.769+08:00  INFO 9168 --- [RMI TCP Connection(1)-10.32.57.193] com.zaxxer.hikari.HikariDataSource       : HikariPool-1 - Start completed.
2024-03-03T22:50:21.062+08:00  INFO 9168 --- [SpringApplicationShutdownHook] com.zaxxer.hikari.HikariDataSource       : HikariPool-1 - Shutdown initiated...
2024-03-03T22:50:21.234+08:00  INFO 9168 --- [SpringApplicationShutdownHook] com.zaxxer.hikari.HikariDataSource       : HikariPool-1 - Shutdown completed.
